{
  "RSpec": {
    "coverage": {
      "/home/developer/rails_work/flix_review/config/environment.rb": {
        "lines": [
          null,
          1,
          null,
          null,
          1,
          null,
          null
        ]
      },
      "/home/developer/rails_work/flix_review/config/application.rb": {
        "lines": [
          1,
          null,
          1,
          null,
          null,
          1,
          null,
          1,
          1,
          null,
          1,
          null,
          null,
          null,
          null,
          null,
          null,
          null,
          null,
          null
        ]
      },
      "/home/developer/rails_work/flix_review/config/boot.rb": {
        "lines": [
          1,
          null,
          1,
          1
        ]
      },
      "/home/developer/rails_work/flix_review/config/environments/test.rb": {
        "lines": [
          1,
          null,
          null,
          null,
          null,
          null,
          null,
          1,
          null,
          null,
          null,
          1,
          null,
          null,
          null,
          null,
          1,
          null,
          null,
          1,
          1,
          null,
          null,
          null,
          null,
          1,
          1,
          1,
          null,
          null,
          1,
          null,
          null,
          1,
          null,
          null,
          1,
          null,
          1,
          null,
          null,
          null,
          null,
          1,
          null,
          null,
          1,
          null,
          null,
          1,
          null,
          null,
          1,
          null,
          null,
          null,
          null,
          null,
          null,
          null
        ]
      },
      "/home/developer/rails_work/flix_review/config/initializers/assets.rb": {
        "lines": [
          null,
          null,
          null,
          1,
          1,
          null,
          null,
          null,
          null,
          null,
          null,
          null,
          null,
          null
        ]
      },
      "/home/developer/rails_work/flix_review/config/initializers/content_security_policy.rb": {
        "lines": [
          null,
          null,
          null,
          null,
          null,
          null,
          null,
          null,
          null,
          null,
          null,
          null,
          null,
          null,
          null,
          null,
          null,
          null,
          null,
          null,
          null,
          null,
          null,
          null,
          null
        ]
      },
      "/home/developer/rails_work/flix_review/config/initializers/devise.rb": {
        "lines": [
          null,
          null,
          null,
          null,
          null,
          null,
          null,
          null,
          null,
          null,
          1,
          null,
          null,
          null,
          null,
          null,
          null,
          null,
          null,
          null,
          null,
          null,
          null,
          null,
          null,
          null,
          1,
          null,
          null,
          null,
          null,
          null,
          null,
          null,
          null,
          null,
          null,
          null,
          1,
          null,
          null,
          null,
          null,
          null,
          null,
          null,
          null,
          null,
          1,
          null,
          null,
          null,
          null,
          null,
          null,
          null,
          null,
          null,
          null,
          null,
          1,
          null,
          null,
          null,
          null,
          1,
          null,
          null,
          null,
          null,
          null,
          null,
          null,
          null,
          null,
          null,
          null,
          null,
          null,
          null,
          null,
          null,
          null,
          null,
          null,
          null,
          null,
          null,
          null,
          null,
          null,
          null,
          null,
          null,
          null,
          null,
          null,
          null,
          null,
          1,
          null,
          null,
          null,
          null,
          null,
          null,
          null,
          null,
          null,
          null,
          null,
          null,
          null,
          null,
          null,
          null,
          null,
          null,
          null,
          null,
          null,
          null,
          null,
          null,
          null,
          1,
          null,
          null,
          null,
          null,
          null,
          null,
          null,
          null,
          null,
          null,
          null,
          null,
          null,
          null,
          null,
          null,
          null,
          null,
          null,
          null,
          null,
          null,
          null,
          null,
          null,
          null,
          null,
          null,
          null,
          null,
          null,
          null,
          null,
          1,
          null,
          null,
          null,
          null,
          null,
          null,
          null,
          null,
          null,
          1,
          null,
          null,
          null,
          null,
          null,
          null,
          null,
          null,
          null,
          null,
          1,
          null,
          null,
          null,
          null,
          1,
          null,
          null,
          null,
          null,
          null,
          null,
          null,
          null,
          null,
          null,
          null,
          null,
          null,
          null,
          null,
          null,
          null,
          null,
          null,
          null,
          null,
          null,
          null,
          null,
          null,
          null,
          null,
          null,
          null,
          null,
          null,
          null,
          null,
          null,
          null,
          null,
          null,
          null,
          null,
          null,
          1,
          null,
          null,
          null,
          null,
          null,
          null,
          null,
          null,
          null,
          null,
          null,
          null,
          null,
          null,
          null,
          null,
          null,
          null,
          null,
          null,
          null,
          null,
          null,
          null,
          null,
          null,
          null,
          null,
          null,
          null,
          null,
          null,
          null,
          null,
          null,
          null,
          null,
          null,
          null,
          null,
          null,
          1,
          null,
          null,
          null,
          null,
          null,
          null,
          null,
          null,
          null,
          null,
          null,
          null,
          null,
          null,
          null,
          null,
          null,
          null,
          null,
          null,
          null,
          null,
          null,
          null,
          null,
          null,
          null,
          null,
          null,
          null,
          null,
          null,
          null,
          null,
          null,
          1,
          1,
          null,
          null,
          null,
          null,
          null,
          null,
          null
        ]
      },
      "/home/developer/rails_work/flix_review/config/initializers/filter_parameter_logging.rb": {
        "lines": [
          null,
          null,
          null,
          null,
          null,
          1,
          null,
          null
        ]
      },
      "/home/developer/rails_work/flix_review/config/initializers/inflections.rb": {
        "lines": [
          null,
          null,
          null,
          null,
          null,
          null,
          null,
          null,
          null,
          null,
          null,
          null,
          null,
          null,
          null,
          null
        ]
      },
      "/home/developer/rails_work/flix_review/config/initializers/permissions_policy.rb": {
        "lines": [
          null,
          null,
          null,
          null,
          null,
          null,
          null,
          null,
          null,
          null,
          null
        ]
      },
      "/home/developer/rails_work/flix_review/spec/factories/categories.rb": {
        "lines": [
          1,
          1,
          10,
          null,
          null
        ]
      },
      "/home/developer/rails_work/flix_review/spec/factories/movies.rb": {
        "lines": [
          1,
          1,
          10,
          10,
          10,
          6,
          10,
          1,
          null,
          1,
          9,
          null,
          null,
          1,
          1,
          0,
          null,
          null,
          null,
          null,
          null
        ]
      },
      "/home/developer/rails_work/flix_review/spec/factories/reviews.rb": {
        "lines": [
          1,
          1,
          29,
          28,
          1,
          1,
          null,
          null
        ]
      },
      "/home/developer/rails_work/flix_review/spec/factories/users.rb": {
        "lines": [
          1,
          1,
          29,
          29,
          29,
          29,
          null,
          null
        ]
      },
      "/home/developer/rails_work/flix_review/config/routes.rb": {
        "lines": [
          1,
          1,
          null,
          null,
          1,
          1,
          null,
          1,
          1,
          null,
          null,
          null
        ]
      },
      "/home/developer/rails_work/flix_review/app/models/user.rb": {
        "lines": [
          1,
          1,
          1,
          1,
          1,
          null,
          null,
          null,
          1,
          null,
          null,
          1,
          34,
          null,
          null,
          1,
          28,
          28,
          28,
          null,
          null,
          null,
          1,
          null
        ]
      },
      "/home/developer/rails_work/flix_review/app/models/application_record.rb": {
        "lines": [
          1,
          1,
          null
        ]
      },
      "/home/developer/rails_work/flix_review/app/helpers/application_helper.rb": {
        "lines": [
          1,
          null
        ]
      },
      "/home/developer/rails_work/flix_review/app/helpers/movies_helper.rb": {
        "lines": [
          1,
          null
        ]
      },
      "/home/developer/rails_work/flix_review/app/helpers/reviews_helper.rb": {
        "lines": [
          1,
          null
        ]
      },
      "/home/developer/rails_work/flix_review/app/controllers/movies_controller.rb": {
        "lines": [
          1,
          1,
          1,
          null,
          1,
          null,
          1,
          6,
          3,
          3,
          1,
          1,
          null,
          2,
          null,
          null,
          null,
          1,
          null,
          null,
          1,
          0,
          0,
          null,
          null,
          null,
          1,
          0,
          0,
          0,
          null,
          0,
          0,
          null,
          null,
          null,
          1,
          null,
          null,
          1,
          0,
          0,
          null,
          0,
          0,
          null,
          null,
          null,
          1,
          0,
          0,
          0,
          null,
          null,
          1,
          null,
          1,
          3,
          1,
          2,
          1,
          1,
          1,
          null,
          null,
          null,
          1,
          0,
          0,
          null,
          0,
          0,
          null,
          0,
          0,
          null,
          null,
          null,
          1,
          0,
          null,
          null,
          1,
          0,
          null,
          null
        ]
      },
      "/home/developer/rails_work/flix_review/app/controllers/application_controller.rb": {
        "lines": [
          1,
          1,
          null,
          1,
          0,
          null,
          null,
          1,
          null,
          1,
          0,
          0,
          null,
          null
        ]
      },
      "/home/developer/rails_work/flix_review/app/models/movie.rb": {
        "lines": [
          1,
          1,
          1,
          1,
          1,
          null
        ]
      },
      "/home/developer/rails_work/flix_review/app/models/ability.rb": {
        "lines": [
          1,
          1,
          null,
          1,
          6,
          null,
          6,
          0,
          0,
          0,
          0,
          6,
          6,
          6,
          6,
          6,
          null,
          null,
          null
        ]
      },
      "/home/developer/rails_work/flix_review/app/models/review.rb": {
        "lines": [
          1,
          1,
          1,
          1,
          null
        ]
      },
      "/home/developer/rails_work/flix_review/app/models/category.rb": {
        "lines": [
          1,
          1,
          1,
          null
        ]
      },
      "/home/developer/rails_work/flix_review/app/mailers/user_mailer.rb": {
        "lines": [
          1,
          1,
          null,
          1,
          28,
          28,
          null,
          28,
          null,
          null
        ]
      },
      "/home/developer/rails_work/flix_review/app/mailers/application_mailer.rb": {
        "lines": [
          1,
          1,
          1,
          null
        ]
      }
    },
    "timestamp": 1688458516
  }
}
